2026-03-29 19:46:39,711 INFO Set uid to user 0 succeeded
2026-03-29 19:46:39,712 INFO supervisord started with pid 1
2026-03-29 19:46:40,723 INFO spawned: 'backend' with pid 8
2026-03-29 19:46:40,728 INFO spawned: 'nginx' with pid 9
2026-03-29 19:46:40,729 INFO spawnerr: can't find command 'npm'
2026-03-29 19:46:40,750 WARN exited: backend (exit status 127; not expected)
2026-03-29 19:46:40,756 WARN exited: nginx (exit status 1; not expected)
2026-03-29 19:46:41,760 INFO spawned: 'backend' with pid 10
2026-03-29 19:46:41,762 INFO spawned: 'nginx' with pid 11
2026-03-29 19:46:41,763 INFO spawnerr: can't find command 'npm'
2026-03-29 19:46:41,766 WARN exited: backend (exit status 127; not expected)
2026-03-29 19:46:41,767 WARN exited: nginx (exit status 1; not expected)
2026-03-29 19:46:43,783 INFO spawned: 'backend' with pid 12
2026-03-29 19:46:43,785 INFO spawned: 'nginx' with pid 13
2026-03-29 19:46:43,786 INFO spawnerr: can't find command 'npm'
2026-03-29 19:46:43,789 WARN exited: backend (exit status 127; not expected)
2026-03-29 19:46:43,790 WARN exited: nginx (exit status 1; not expected)
2026-03-29 19:46:46,802 INFO spawned: 'backend' with pid 14
2026-03-29 19:46:46,804 INFO spawned: 'nginx' with pid 15
2026-03-29 19:46:46,805 INFO spawnerr: can't find command 'npm'
2026-03-29 19:46:46,805 INFO gave up: vite entered FATAL state, too many start retries too quickly
2026-03-29 19:46:46,807 WARN exited: backend (exit status 127; not expected)
2026-03-29 19:46:46,807 INFO gave up: backend entered FATAL state, too many start retries too quickly
2026-03-29 19:46:46,808 WARN exited: nginx (exit status 1; not expected)
2026-03-29 19:46:47,811 INFO gave up: nginx entered FATAL state, too many start retries too quickly
2026-03-29 19:47:35,017 WARN received SIGTERM indicating exit request
2026-03-29 19:47:36,906 INFO Set uid to user 0 succeeded
2026-03-29 19:47:36,907 INFO supervisord started with pid 1
2026-03-29 19:47:37,920 INFO spawned: 'backend' with pid 8
2026-03-29 19:47:37,923 INFO spawned: 'nginx' with pid 9
2026-03-29 19:47:37,925 WARN exited: backend (exit status 127; not expected)
2026-03-29 19:47:37,932 WARN exited: nginx (exit status 1; not expected)
2026-03-29 19:47:38,942 INFO spawned: 'backend' with pid 10
2026-03-29 19:47:38,945 INFO spawned: 'nginx' with pid 11
2026-03-29 19:47:38,948 WARN exited: backend (exit status 127; not expected)
2026-03-29 19:47:38,950 WARN exited: nginx (exit status 1; not expected)
2026-03-29 19:47:40,961 INFO spawned: 'backend' with pid 12
2026-03-29 19:47:40,964 INFO spawned: 'nginx' with pid 13
2026-03-29 19:47:40,969 WARN exited: backend (exit status 127; not expected)
2026-03-29 19:47:40,969 WARN exited: nginx (exit status 1; not expected)
2026-03-29 19:47:43,985 INFO spawned: 'backend' with pid 14
2026-03-29 19:47:43,987 INFO spawned: 'nginx' with pid 15
2026-03-29 19:47:43,989 WARN exited: backend (exit status 127; not expected)
2026-03-29 19:47:43,990 INFO gave up: backend entered FATAL state, too many start retries too quickly
2026-03-29 19:47:43,992 WARN exited: nginx (exit status 1; not expected)
2026-03-29 19:47:44,999 INFO gave up: nginx entered FATAL state, too many start retries too quickly
2026-03-29 19:48:20,155 WARN received SIGTERM indicating exit request
2026-03-29 19:48:20,595 INFO Set uid to user 0 succeeded
2026-03-29 19:48:20,596 INFO supervisord started with pid 1
2026-03-29 19:48:21,606 INFO spawned: 'backend' with pid 8
2026-03-29 19:48:21,608 INFO spawned: 'nginx' with pid 9
2026-03-29 19:48:21,621 WARN exited: backend (exit status 127; not expected)
2026-03-29 19:48:22,628 INFO spawned: 'backend' with pid 20
2026-03-29 19:48:23,639 WARN exited: backend (exit status 127; not expected)
2026-03-29 19:48:24,646 INFO success: nginx entered RUNNING state, process has stayed up for > than 3 seconds (startsecs)
2026-03-29 19:48:25,655 INFO spawned: 'backend' with pid 21
2026-03-29 19:48:25,661 WARN exited: backend (exit status 127; not expected)
2026-03-29 19:48:28,678 INFO spawned: 'backend' with pid 22
2026-03-29 19:48:28,682 WARN exited: backend (exit status 127; not expected)
2026-03-29 19:48:28,683 INFO gave up: backend entered FATAL state, too many start retries too quickly
2026-03-29 19:49:29,984 WARN received SIGTERM indicating exit request
2026-03-29 19:49:29,984 INFO waiting for nginx to die
2026-03-29 19:49:31,213 INFO Set uid to user 0 succeeded
2026-03-29 19:49:31,214 INFO supervisord started with pid 1
2026-03-29 19:49:32,221 INFO spawned: 'backend' with pid 8
2026-03-29 19:49:32,225 INFO spawned: 'nginx' with pid 9
2026-03-29 19:49:32,228 WARN exited: backend (exit status 127; not expected)
2026-03-29 19:49:33,247 INFO spawned: 'backend' with pid 20
2026-03-29 19:49:33,252 WARN exited: backend (exit status 127; not expected)
2026-03-29 19:49:35,264 INFO spawned: 'backend' with pid 21
2026-03-29 19:49:35,265 INFO success: nginx entered RUNNING state, process has stayed up for > than 3 seconds (startsecs)
2026-03-29 19:49:35,269 WARN exited: backend (exit status 127; not expected)
2026-03-29 19:49:38,287 INFO spawned: 'backend' with pid 22
2026-03-29 19:49:38,292 WARN exited: backend (exit status 127; not expected)
2026-03-29 19:49:38,292 INFO gave up: backend entered FATAL state, too many start retries too quickly
2026-03-29 19:50:24,510 WARN received SIGTERM indicating exit request
2026-03-29 19:50:24,513 INFO waiting for nginx to die
2026-03-29 19:50:24,552 INFO stopped: nginx (exit status 0)
2026-03-29 19:50:25,021 INFO Set uid to user 0 succeeded
2026-03-29 19:50:25,021 INFO supervisord started with pid 1
2026-03-29 19:50:26,030 INFO spawned: 'backend' with pid 8
2026-03-29 19:50:26,034 INFO spawned: 'nginx' with pid 9
2026-03-29 19:50:29,583 INFO success: backend entered RUNNING state, process has stayed up for > than 3 seconds (startsecs)
2026-03-29 19:50:29,584 INFO success: nginx entered RUNNING state, process has stayed up for > than 3 seconds (startsecs)
2026-03-29 19:51:21,824 WARN received SIGTERM indicating exit request
2026-03-29 19:51:21,825 INFO waiting for backend, nginx to die
